<?xml version="1.0" encoding="UTF-8"?>
<!-- Generated by org.testng.reporters.JUnitXMLReporter -->
<testsuite ignored="0" hostname="LAPTOP-C59JJODQ" failures="0" tests="3" name="Test" time="201.59" errors="0" timestamp="2024-08-29T17:03:41 IST">
  <testcase classname="dockerDemo.DockerChrome" name="Test" time="10.665"/>
  <testcase classname="dockerDemo.DockerEdge" name="Test" time="179.373"/>
  <testcase classname="dockerDemo.DockerFirefox" name="Test" time="11.315"/>
</testsuite> <!-- Test -->
