<?xml version="1.0" encoding="UTF-8"?>
<testng-results ignored="0" total="1" passed="1" failed="0" skipped="0">
  <reporter-output>
  </reporter-output>
  <suite started-at="2024-08-29T16:58:01 IST" name="Default suite" finished-at="2024-08-29T16:58:15 IST" duration-ms="14667">
    <groups>
    </groups>
    <test started-at="2024-08-29T16:58:01 IST" name="Default test" finished-at="2024-08-29T16:58:15 IST" duration-ms="14667">
      <class name="dockerDemo.DockerEdge">
        <test-method signature="Test()[pri:0, instance:dockerDemo.DockerEdge@273e7444]" started-at="2024-08-29T16:58:01 IST" name="Test" finished-at="2024-08-29T16:58:15 IST" duration-ms="14610" status="PASS">
          <reporter-output>
          </reporter-output>
        </test-method> <!-- Test -->
      </class> <!-- dockerDemo.DockerEdge -->
    </test> <!-- Default test -->
  </suite> <!-- Default suite -->
</testng-results>
